Flow report for chronometre
Fri Dec 18 11:51:01 2015
Quartus II 64-Bit Version 13.0.1 Build 232 06/12/2013 Service Pack 1 SJ Full Version


---------------------
; Table of Contents ;
---------------------
  1. Legal Notice
  2. Flow Summary
  3. Flow Settings
  4. Flow Non-Default Global Settings
  5. Flow Elapsed Time
  6. Flow OS Summary
  7. Flow Log
  8. Flow Messages
  9. Flow Suppressed Messages



----------------
; Legal Notice ;
----------------
Copyright (C) 1991-2013 Altera Corporation
Your use of Altera Corporation's design tools, logic functions 
and other software and tools, and its AMPP partner logic 
functions, and any output files from any of the foregoing 
(including device programming or simulation files), and any 
associated documentation or information are expressly subject 
to the terms and conditions of the Altera Program License 
Subscription Agreement, Altera MegaCore Function License 
Agreement, or other applicable license agreement, including, 
without limitation, that your use is for the sole purpose of 
programming logic devices manufactured by Altera and sold by 
Altera or its authorized distributors.  Please refer to the 
applicable agreement for further details.



+---------------------------------------------------------------------------------------+
; Flow Summary                                                                          ;
+------------------------------------+--------------------------------------------------+
; Flow Status                        ; Successful - Fri Dec 18 11:51:01 2015            ;
; Quartus II 64-Bit Version          ; 13.0.1 Build 232 06/12/2013 SP 1 SJ Full Version ;
; Revision Name                      ; chronometre                                      ;
; Top-level Entity Name              ; chronometreShema2                                ;
; Family                             ; Cyclone II                                       ;
; Device                             ; EP2C35F672C6                                     ;
; Timing Models                      ; Final                                            ;
; Total logic elements               ; 120 / 33,216 ( < 1 % )                           ;
;     Total combinational functions  ; 120 / 33,216 ( < 1 % )                           ;
;     Dedicated logic registers      ; 59 / 33,216 ( < 1 % )                            ;
; Total registers                    ; 59                                               ;
; Total pins                         ; 45 / 475 ( 9 % )                                 ;
; Total virtual pins                 ; 0                                                ;
; Total memory bits                  ; 0 / 483,840 ( 0 % )                              ;
; Embedded Multiplier 9-bit elements ; 0 / 70 ( 0 % )                                   ;
; Total PLLs                         ; 0 / 4 ( 0 % )                                    ;
+------------------------------------+--------------------------------------------------+


+-----------------------------------------+
; Flow Settings                           ;
+-------------------+---------------------+
; Option            ; Setting             ;
+-------------------+---------------------+
; Start date & time ; 12/18/2015 11:50:32 ;
; Main task         ; Compilation         ;
; Revision Name     ; chronometre         ;
+-------------------+---------------------+


+-------------------------------------------------------------------------------------------------------------------------+
; Flow Non-Default Global Settings                                                                                        ;
+-------------------------------------+------------------------------+---------------+-------------------+----------------+
; Assignment Name                     ; Value                        ; Default Value ; Entity Name       ; Section Id     ;
+-------------------------------------+------------------------------+---------------+-------------------+----------------+
; COMPILER_SIGNATURE_ID               ; 158514184915.145043583203996 ; --            ; --                ; --             ;
; EDA_GENERATE_FUNCTIONAL_NETLIST     ; On                           ; --            ; --                ; eda_simulation ;
; EDA_OUTPUT_DATA_FORMAT              ; Verilog Hdl                  ; --            ; --                ; eda_simulation ;
; EDA_SIMULATION_TOOL                 ; ModelSim-Altera (Verilog)    ; <None>        ; --                ; --             ;
; MAX_CORE_JUNCTION_TEMP              ; 85                           ; --            ; --                ; --             ;
; MIN_CORE_JUNCTION_TEMP              ; 0                            ; --            ; --                ; --             ;
; PARTITION_COLOR                     ; 16764057                     ; --            ; chronometreShema2 ; Top            ;
; PARTITION_FITTER_PRESERVATION_LEVEL ; PLACEMENT_AND_ROUTING        ; --            ; chronometreShema2 ; Top            ;
; PARTITION_NETLIST_TYPE              ; SOURCE                       ; --            ; chronometreShema2 ; Top            ;
; PROJECT_OUTPUT_DIRECTORY            ; output_files                 ; --            ; --                ; --             ;
; TOP_LEVEL_ENTITY                    ; chronometreShema2            ; chronometre   ; --                ; --             ;
+-------------------------------------+------------------------------+---------------+-------------------+----------------+


+-------------------------------------------------------------------------------------------------------------------------------+
; Flow Elapsed Time                                                                                                             ;
+---------------------------+--------------+-------------------------+---------------------+------------------------------------+
; Module Name               ; Elapsed Time ; Average Processors Used ; Peak Virtual Memory ; Total CPU Time (on all processors) ;
+---------------------------+--------------+-------------------------+---------------------+------------------------------------+
; Analysis & Synthesis      ; 00:00:04     ; 1.0                     ; 496 MB              ; 00:00:02                           ;
; Fitter                    ; 00:00:09     ; 1.1                     ; 836 MB              ; 00:00:10                           ;
; Assembler                 ; 00:00:04     ; 1.0                     ; 437 MB              ; 00:00:03                           ;
; TimeQuest Timing Analyzer ; 00:00:03     ; 1.0                     ; 432 MB              ; 00:00:01                           ;
; EDA Netlist Writer        ; 00:00:01     ; 1.0                     ; 385 MB              ; 00:00:01                           ;
; Total                     ; 00:00:21     ; --                      ; --                  ; 00:00:17                           ;
+---------------------------+--------------+-------------------------+---------------------+------------------------------------+


+----------------------------------------------------------------------------------------+
; Flow OS Summary                                                                        ;
+---------------------------+------------------+-----------+------------+----------------+
; Module Name               ; Machine Hostname ; OS Name   ; OS Version ; Processor type ;
+---------------------------+------------------+-----------+------------+----------------+
; Analysis & Synthesis      ; ENSEM-114RPC03   ; Windows 7 ; 6.1        ; x86_64         ;
; Fitter                    ; ENSEM-114RPC03   ; Windows 7 ; 6.1        ; x86_64         ;
; Assembler                 ; ENSEM-114RPC03   ; Windows 7 ; 6.1        ; x86_64         ;
; TimeQuest Timing Analyzer ; ENSEM-114RPC03   ; Windows 7 ; 6.1        ; x86_64         ;
; EDA Netlist Writer        ; ENSEM-114RPC03   ; Windows 7 ; 6.1        ; x86_64         ;
+---------------------------+------------------+-----------+------------+----------------+


------------
; Flow Log ;
------------
quartus_map --read_settings_files=on --write_settings_files=off chronometre -c chronometre
quartus_fit --read_settings_files=off --write_settings_files=off chronometre -c chronometre
quartus_asm --read_settings_files=off --write_settings_files=off chronometre -c chronometre
quartus_sta chronometre -c chronometre
quartus_eda --read_settings_files=off --write_settings_files=off chronometre -c chronometre



