Analysis & Synthesis report for Processeur
Thu Feb 04 15:01:05 2016
Quartus II 64-Bit Version 13.0.1 Build 232 06/12/2013 Service Pack 1 SJ Full Version


---------------------
; Table of Contents ;
---------------------
  1. Legal Notice
  2. Analysis & Synthesis Summary
  3. Analysis & Synthesis Settings
  4. Parallel Compilation
  5. Analysis & Synthesis Source Files Read
  6. Analysis & Synthesis Resource Usage Summary
  7. Analysis & Synthesis Resource Utilization by Entity
  8. Analysis & Synthesis RAM Summary
  9. State Machine - |Processeur|SCOMP2:inst31|state
 10. Registers Removed During Synthesis
 11. General Register Statistics
 12. Multiplexer Restructuring Statistics (Restructuring Performed)
 13. Source assignments for SCOMP2:inst31|altsyncram:memory|altsyncram_n6q3:auto_generated
 14. Parameter Settings for User Entity Instance: SCOMP2:inst31|altsyncram:memory
 15. Parameter Settings for User Entity Instance: CompteurM_Nbits:inst27
 16. Parameter Settings for User Entity Instance: CompteurM_Nbits:inst26
 17. altsyncram Parameter Settings by Entity Instance
 18. Elapsed Time Per Partition
 19. Analysis & Synthesis Messages



----------------
; Legal Notice ;
----------------
Copyright (C) 1991-2013 Altera Corporation
Your use of Altera Corporation's design tools, logic functions 
and other software and tools, and its AMPP partner logic 
functions, and any output files from any of the foregoing 
(including device programming or simulation files), and any 
associated documentation or information are expressly subject 
to the terms and conditions of the Altera Program License 
Subscription Agreement, Altera MegaCore Function License 
Agreement, or other applicable license agreement, including, 
without limitation, that your use is for the sole purpose of 
programming logic devices manufactured by Altera and sold by 
Altera or its authorized distributors.  Please refer to the 
applicable agreement for further details.



+---------------------------------------------------------------------------------------+
; Analysis & Synthesis Summary                                                          ;
+------------------------------------+--------------------------------------------------+
; Analysis & Synthesis Status        ; Successful - Thu Feb 04 15:01:05 2016            ;
; Quartus II 64-Bit Version          ; 13.0.1 Build 232 06/12/2013 SP 1 SJ Full Version ;
; Revision Name                      ; Processeur                                       ;
; Top-level Entity Name              ; Processeur                                       ;
; Family                             ; Cyclone II                                       ;
; Total logic elements               ; 591                                              ;
;     Total combinational functions  ; 556                                              ;
;     Dedicated logic registers      ; 138                                              ;
; Total registers                    ; 138                                              ;
; Total pins                         ; 93                                               ;
; Total virtual pins                 ; 0                                                ;
; Total memory bits                  ; 4,096                                            ;
; Embedded Multiplier 9-bit elements ; 0                                                ;
; Total PLLs                         ; 0                                                ;
+------------------------------------+--------------------------------------------------+


+----------------------------------------------------------------------------------------------------------------------+
; Analysis & Synthesis Settings                                                                                        ;
+----------------------------------------------------------------------------+--------------------+--------------------+
; Option                                                                     ; Setting            ; Default Value      ;
+----------------------------------------------------------------------------+--------------------+--------------------+
; Device                                                                     ; EP2C35F672C6       ;                    ;
; Top-level entity name                                                      ; Processeur         ; Processeur         ;
; Family name                                                                ; Cyclone II         ; Cyclone IV GX      ;
; Use smart compilation                                                      ; Off                ; Off                ;
; Enable parallel Assembler and TimeQuest Timing Analyzer during compilation ; On                 ; On                 ;
; Enable compact report table                                                ; Off                ; Off                ;
; Restructure Multiplexers                                                   ; Auto               ; Auto               ;
; Create Debugging Nodes for IP Cores                                        ; Off                ; Off                ;
; Preserve fewer node names                                                  ; On                 ; On                 ;
; Disable OpenCore Plus hardware evaluation                                  ; Off                ; Off                ;
; Verilog Version                                                            ; Verilog_2001       ; Verilog_2001       ;
; VHDL Version                                                               ; VHDL_1993          ; VHDL_1993          ;
; State Machine Processing                                                   ; Auto               ; Auto               ;
; Safe State Machine                                                         ; Off                ; Off                ;
; Extract Verilog State Machines                                             ; On                 ; On                 ;
; Extract VHDL State Machines                                                ; On                 ; On                 ;
; Ignore Verilog initial constructs                                          ; Off                ; Off                ;
; Iteration limit for constant Verilog loops                                 ; 5000               ; 5000               ;
; Iteration limit for non-constant Verilog loops                             ; 250                ; 250                ;
; Add Pass-Through Logic to Inferred RAMs                                    ; On                 ; On                 ;
; Infer RAMs from Raw Logic                                                  ; On                 ; On                 ;
; Parallel Synthesis                                                         ; On                 ; On                 ;
; DSP Block Balancing                                                        ; Auto               ; Auto               ;
; NOT Gate Push-Back                                                         ; On                 ; On                 ;
; Power-Up Don't Care                                                        ; On                 ; On                 ;
; Remove Redundant Logic Cells                                               ; Off                ; Off                ;
; Remove Duplicate Registers                                                 ; On                 ; On                 ;
; Ignore CARRY Buffers                                                       ; Off                ; Off                ;
; Ignore CASCADE Buffers                                                     ; Off                ; Off                ;
; Ignore GLOBAL Buffers                                                      ; Off                ; Off                ;
; Ignore ROW GLOBAL Buffers                                                  ; Off                ; Off                ;
; Ignore LCELL Buffers                                                       ; Off                ; Off                ;
; Ignore SOFT Buffers                                                        ; On                 ; On                 ;
; Limit AHDL Integers to 32 Bits                                             ; Off                ; Off                ;
; Optimization Technique                                                     ; Balanced           ; Balanced           ;
; Carry Chain Length                                                         ; 70                 ; 70                 ;
; Auto Carry Chains                                                          ; On                 ; On                 ;
; Auto Open-Drain Pins                                                       ; On                 ; On                 ;
; Perform WYSIWYG Primitive Resynthesis                                      ; Off                ; Off                ;
; Auto ROM Replacement                                                       ; On                 ; On                 ;
; Auto RAM Replacement                                                       ; On                 ; On                 ;
; Auto Shift Register Replacement                                            ; Auto               ; Auto               ;
; Allow Shift Register Merging across Hierarchies                            ; Auto               ; Auto               ;
; Auto Clock Enable Replacement                                              ; On                 ; On                 ;
; Strict RAM Replacement                                                     ; Off                ; Off                ;
; Allow Synchronous Control Signals                                          ; On                 ; On                 ;
; Force Use of Synchronous Clear Signals                                     ; Off                ; Off                ;
; Auto RAM to Logic Cell Conversion                                          ; Off                ; Off                ;
; Auto Resource Sharing                                                      ; Off                ; Off                ;
; Allow Any RAM Size For Recognition                                         ; Off                ; Off                ;
; Allow Any ROM Size For Recognition                                         ; Off                ; Off                ;
; Allow Any Shift Register Size For Recognition                              ; Off                ; Off                ;
; Use LogicLock Constraints during Resource Balancing                        ; On                 ; On                 ;
; Ignore translate_off and synthesis_off directives                          ; Off                ; Off                ;
; Timing-Driven Synthesis                                                    ; Off                ; Off                ;
; Report Parameter Settings                                                  ; On                 ; On                 ;
; Report Source Assignments                                                  ; On                 ; On                 ;
; Report Connectivity Checks                                                 ; On                 ; On                 ;
; Ignore Maximum Fan-Out Assignments                                         ; Off                ; Off                ;
; Synchronization Register Chain Length                                      ; 2                  ; 2                  ;
; PowerPlay Power Optimization                                               ; Normal compilation ; Normal compilation ;
; HDL message level                                                          ; Level2             ; Level2             ;
; Suppress Register Optimization Related Messages                            ; Off                ; Off                ;
; Number of Removed Registers Reported in Synthesis Report                   ; 5000               ; 5000               ;
; Number of Swept Nodes Reported in Synthesis Report                         ; 5000               ; 5000               ;
; Number of Inverted Registers Reported in Synthesis Report                  ; 100                ; 100                ;
; Clock MUX Protection                                                       ; On                 ; On                 ;
; Auto Gated Clock Conversion                                                ; Off                ; Off                ;
; Block Design Naming                                                        ; Auto               ; Auto               ;
; SDC constraint protection                                                  ; Off                ; Off                ;
; Synthesis Effort                                                           ; Auto               ; Auto               ;
; Shift Register Replacement - Allow Asynchronous Clear Signal               ; On                 ; On                 ;
; Pre-Mapping Resynthesis Optimization                                       ; Off                ; Off                ;
; Analysis & Synthesis Message Level                                         ; Medium             ; Medium             ;
; Disable Register Merging Across Hierarchies                                ; Auto               ; Auto               ;
; Resource Aware Inference For Block RAM                                     ; On                 ; On                 ;
; Synthesis Seed                                                             ; 1                  ; 1                  ;
+----------------------------------------------------------------------------+--------------------+--------------------+


+------------------------------------------+
; Parallel Compilation                     ;
+----------------------------+-------------+
; Processors                 ; Number      ;
+----------------------------+-------------+
; Number detected on machine ; 2           ;
; Maximum allowed            ; 2           ;
;                            ;             ;
; Average used               ; 1.00        ;
; Maximum used               ; 1           ;
;                            ;             ;
; Usage by Processor         ; % Time Used ;
;     Processor 1            ; 100.0%      ;
;     Processor 2            ;   0.0%      ;
+----------------------------+-------------+


+-----------------------------------------------------------------------------------------------------------------------------------------------------------------------------------------+
; Analysis & Synthesis Source Files Read                                                                                                                                                  ;
+----------------------------------+-----------------+------------------------------------+-------------------------------------------------------------------------------------+---------+
; File Name with User-Entered Path ; Used in Netlist ; File Type                          ; File Name with Absolute Path                                                        ; Library ;
+----------------------------------+-----------------+------------------------------------+-------------------------------------------------------------------------------------+---------+
; PROGRAMFINAL.MIF                 ; yes             ; User Memory Initialization File    ; U:/Conception des Systèmes Numériques/TPs/Processeur - Copie/PROGRAMFINAL.MIF       ;         ;
; DEC_7Seg.vhd                     ; yes             ; User VHDL File                     ; U:/Conception des Systèmes Numériques/TPs/Processeur - Copie/DEC_7Seg.vhd           ;         ;
; CompteurM_Nbits.vhd              ; yes             ; User VHDL File                     ; U:/Conception des Systèmes Numériques/TPs/Processeur - Copie/CompteurM_Nbits.vhd    ;         ;
; SCOMP2.VHD                       ; yes             ; User VHDL File                     ; U:/Conception des Systèmes Numériques/TPs/Processeur - Copie/SCOMP2.VHD             ;         ;
; Processeur.bdf                   ; yes             ; User Block Diagram/Schematic File  ; U:/Conception des Systèmes Numériques/TPs/Processeur - Copie/Processeur.bdf         ;         ;
; altsyncram.tdf                   ; yes             ; Megafunction                       ; c:/altera/13.0sp1/quartus/libraries/megafunctions/altsyncram.tdf                    ;         ;
; stratix_ram_block.inc            ; yes             ; Megafunction                       ; c:/altera/13.0sp1/quartus/libraries/megafunctions/stratix_ram_block.inc             ;         ;
; lpm_mux.inc                      ; yes             ; Megafunction                       ; c:/altera/13.0sp1/quartus/libraries/megafunctions/lpm_mux.inc                       ;         ;
; lpm_decode.inc                   ; yes             ; Megafunction                       ; c:/altera/13.0sp1/quartus/libraries/megafunctions/lpm_decode.inc                    ;         ;
; aglobal130.inc                   ; yes             ; Megafunction                       ; c:/altera/13.0sp1/quartus/libraries/megafunctions/aglobal130.inc                    ;         ;
; a_rdenreg.inc                    ; yes             ; Megafunction                       ; c:/altera/13.0sp1/quartus/libraries/megafunctions/a_rdenreg.inc                     ;         ;
; altrom.inc                       ; yes             ; Megafunction                       ; c:/altera/13.0sp1/quartus/libraries/megafunctions/altrom.inc                        ;         ;
; altram.inc                       ; yes             ; Megafunction                       ; c:/altera/13.0sp1/quartus/libraries/megafunctions/altram.inc                        ;         ;
; altdpram.inc                     ; yes             ; Megafunction                       ; c:/altera/13.0sp1/quartus/libraries/megafunctions/altdpram.inc                      ;         ;
; db/altsyncram_n6q3.tdf           ; yes             ; Auto-Generated Megafunction        ; U:/Conception des Systèmes Numériques/TPs/Processeur - Copie/db/altsyncram_n6q3.tdf ;         ;
+----------------------------------+-----------------+------------------------------------+-------------------------------------------------------------------------------------+---------+


+------------------------------------------------------+
; Analysis & Synthesis Resource Usage Summary          ;
+---------------------------------------------+--------+
; Resource                                    ; Usage  ;
+---------------------------------------------+--------+
; Estimated Total logic elements              ; 591    ;
;                                             ;        ;
; Total combinational functions               ; 556    ;
; Logic element usage by number of LUT inputs ;        ;
;     -- 4 input functions                    ; 345    ;
;     -- 3 input functions                    ; 102    ;
;     -- <=2 input functions                  ; 109    ;
;                                             ;        ;
; Logic elements by mode                      ;        ;
;     -- normal mode                          ; 464    ;
;     -- arithmetic mode                      ; 92     ;
;                                             ;        ;
; Total registers                             ; 138    ;
;     -- Dedicated logic registers            ; 138    ;
;     -- I/O registers                        ; 0      ;
;                                             ;        ;
; I/O pins                                    ; 93     ;
; Total memory bits                           ; 4096   ;
; Embedded Multiplier 9-bit elements          ; 0      ;
; Maximum fan-out node                        ; inst18 ;
; Maximum fan-out                             ; 96     ;
; Total fan-out                               ; 2502   ;
; Average fan-out                             ; 3.12   ;
+---------------------------------------------+--------+


+---------------------------------------------------------------------------------------------------------------------------------------------------------------------------------------------------------------------------------------------------+
; Analysis & Synthesis Resource Utilization by Entity                                                                                                                                                                                               ;
+-------------------------------------------+-------------------+--------------+-------------+--------------+---------+-----------+------+--------------+----------------------------------------------------------------------------+--------------+
; Compilation Hierarchy Node                ; LC Combinationals ; LC Registers ; Memory Bits ; DSP Elements ; DSP 9x9 ; DSP 18x18 ; Pins ; Virtual Pins ; Full Hierarchy Name                                                        ; Library Name ;
+-------------------------------------------+-------------------+--------------+-------------+--------------+---------+-----------+------+--------------+----------------------------------------------------------------------------+--------------+
; |Processeur                               ; 556 (2)           ; 138 (0)      ; 4096        ; 0            ; 0       ; 0         ; 93   ; 0            ; |Processeur                                                                ; work         ;
;    |CompteurM_Nbits:inst26|               ; 47 (47)           ; 30 (30)      ; 0           ; 0            ; 0       ; 0         ; 0    ; 0            ; |Processeur|CompteurM_Nbits:inst26                                         ; work         ;
;    |CompteurM_Nbits:inst27|               ; 49 (49)           ; 28 (28)      ; 0           ; 0            ; 0       ; 0         ; 0    ; 0            ; |Processeur|CompteurM_Nbits:inst27                                         ; work         ;
;    |DEC_7Seg:inst10|                      ; 7 (7)             ; 0 (0)        ; 0           ; 0            ; 0       ; 0         ; 0    ; 0            ; |Processeur|DEC_7Seg:inst10                                                ; work         ;
;    |DEC_7Seg:inst12|                      ; 7 (7)             ; 0 (0)        ; 0           ; 0            ; 0       ; 0         ; 0    ; 0            ; |Processeur|DEC_7Seg:inst12                                                ; work         ;
;    |DEC_7Seg:inst13|                      ; 7 (7)             ; 0 (0)        ; 0           ; 0            ; 0       ; 0         ; 0    ; 0            ; |Processeur|DEC_7Seg:inst13                                                ; work         ;
;    |DEC_7Seg:inst14|                      ; 7 (7)             ; 0 (0)        ; 0           ; 0            ; 0       ; 0         ; 0    ; 0            ; |Processeur|DEC_7Seg:inst14                                                ; work         ;
;    |DEC_7Seg:inst15|                      ; 7 (7)             ; 0 (0)        ; 0           ; 0            ; 0       ; 0         ; 0    ; 0            ; |Processeur|DEC_7Seg:inst15                                                ; work         ;
;    |DEC_7Seg:inst16|                      ; 7 (7)             ; 0 (0)        ; 0           ; 0            ; 0       ; 0         ; 0    ; 0            ; |Processeur|DEC_7Seg:inst16                                                ; work         ;
;    |DEC_7Seg:inst17|                      ; 7 (7)             ; 0 (0)        ; 0           ; 0            ; 0       ; 0         ; 0    ; 0            ; |Processeur|DEC_7Seg:inst17                                                ; work         ;
;    |DEC_7Seg:inst|                        ; 7 (7)             ; 0 (0)        ; 0           ; 0            ; 0       ; 0         ; 0    ; 0            ; |Processeur|DEC_7Seg:inst                                                  ; work         ;
;    |SCOMP2:inst31|                        ; 402 (402)         ; 80 (80)      ; 4096        ; 0            ; 0       ; 0         ; 0    ; 0            ; |Processeur|SCOMP2:inst31                                                  ; work         ;
;       |altsyncram:memory|                 ; 0 (0)             ; 0 (0)        ; 4096        ; 0            ; 0       ; 0         ; 0    ; 0            ; |Processeur|SCOMP2:inst31|altsyncram:memory                                ; work         ;
;          |altsyncram_n6q3:auto_generated| ; 0 (0)             ; 0 (0)        ; 4096        ; 0            ; 0       ; 0         ; 0    ; 0            ; |Processeur|SCOMP2:inst31|altsyncram:memory|altsyncram_n6q3:auto_generated ; work         ;
+-------------------------------------------+-------------------+--------------+-------------+--------------+---------+-----------+------+--------------+----------------------------------------------------------------------------+--------------+
Note: For table entries with two numbers listed, the numbers in parentheses indicate the number of resources of the given type used by the specific entity alone. The numbers listed outside of parentheses indicate the total resources of the given type used by the specific entity and all of its sub-entities in the hierarchy.


+--------------------------------------------------------------------------------------------------------------------------------------------------------------------------------------+
; Analysis & Synthesis RAM Summary                                                                                                                                                     ;
+---------------------------------------------------------------------------+------+-------------+--------------+--------------+--------------+--------------+------+------------------+
; Name                                                                      ; Type ; Mode        ; Port A Depth ; Port A Width ; Port B Depth ; Port B Width ; Size ; MIF              ;
+---------------------------------------------------------------------------+------+-------------+--------------+--------------+--------------+--------------+------+------------------+
; SCOMP2:inst31|altsyncram:memory|altsyncram_n6q3:auto_generated|ALTSYNCRAM ; AUTO ; Single Port ; 256          ; 16           ; --           ; --           ; 4096 ; PROGRAMFINAL.mif ;
+---------------------------------------------------------------------------+------+-------------+--------------+--------------+--------------+--------------+------+------------------+


Encoding Type:  One-Hot
+----------------------------------------------------------------------------------------------------------------------------------------------------------------------------------------------------------------------------------------------------------------------------------------------------------------------------------------------------------------------------------------------------------------------------------------------------------------------------------------------------+
; State Machine - |Processeur|SCOMP2:inst31|state                                                                                                                                                                                                                                                                                                                                                                                                                                                    ;
+------------------------+------------------------+-----------------------+-------------------+-------------------+-------------------+-------------------+-------------------+------------------+--------------------+-------------------+-------------------+-------------------+------------------+-------------------+------------------+--------------------+----------------------+---------------------+--------------------+-------------------+--------------+-------------+----------------+
; Name                   ; state.execute_Test_res ; state.execute_Test_in ; state.execute_ROR ; state.execute_ROL ; state.execute_LSR ; state.execute_LSL ; state.execute_OUT ; state.execute_IN ; state.execute_ADDI ; state.execute_LDI ; state.execute_XOR ; state.execute_AND ; state.execute_OR ; state.execute_JNZ ; state.execute_JZ ; state.execute_jump ; state.execute_store2 ; state.execute_store ; state.execute_load ; state.execute_add ; state.decode ; state.fetch ; state.reset_pc ;
+------------------------+------------------------+-----------------------+-------------------+-------------------+-------------------+-------------------+-------------------+------------------+--------------------+-------------------+-------------------+-------------------+------------------+-------------------+------------------+--------------------+----------------------+---------------------+--------------------+-------------------+--------------+-------------+----------------+
; state.reset_pc         ; 0                      ; 0                     ; 0                 ; 0                 ; 0                 ; 0                 ; 0                 ; 0                ; 0                  ; 0                 ; 0                 ; 0                 ; 0                ; 0                 ; 0                ; 0                  ; 0                    ; 0                   ; 0                  ; 0                 ; 0            ; 0           ; 0              ;
; state.fetch            ; 0                      ; 0                     ; 0                 ; 0                 ; 0                 ; 0                 ; 0                 ; 0                ; 0                  ; 0                 ; 0                 ; 0                 ; 0                ; 0                 ; 0                ; 0                  ; 0                    ; 0                   ; 0                  ; 0                 ; 0            ; 1           ; 1              ;
; state.decode           ; 0                      ; 0                     ; 0                 ; 0                 ; 0                 ; 0                 ; 0                 ; 0                ; 0                  ; 0                 ; 0                 ; 0                 ; 0                ; 0                 ; 0                ; 0                  ; 0                    ; 0                   ; 0                  ; 0                 ; 1            ; 0           ; 1              ;
; state.execute_add      ; 0                      ; 0                     ; 0                 ; 0                 ; 0                 ; 0                 ; 0                 ; 0                ; 0                  ; 0                 ; 0                 ; 0                 ; 0                ; 0                 ; 0                ; 0                  ; 0                    ; 0                   ; 0                  ; 1                 ; 0            ; 0           ; 1              ;
; state.execute_load     ; 0                      ; 0                     ; 0                 ; 0                 ; 0                 ; 0                 ; 0                 ; 0                ; 0                  ; 0                 ; 0                 ; 0                 ; 0                ; 0                 ; 0                ; 0                  ; 0                    ; 0                   ; 1                  ; 0                 ; 0            ; 0           ; 1              ;
; state.execute_store    ; 0                      ; 0                     ; 0                 ; 0                 ; 0                 ; 0                 ; 0                 ; 0                ; 0                  ; 0                 ; 0                 ; 0                 ; 0                ; 0                 ; 0                ; 0                  ; 0                    ; 1                   ; 0                  ; 0                 ; 0            ; 0           ; 1              ;
; state.execute_store2   ; 0                      ; 0                     ; 0                 ; 0                 ; 0                 ; 0                 ; 0                 ; 0                ; 0                  ; 0                 ; 0                 ; 0                 ; 0                ; 0                 ; 0                ; 0                  ; 1                    ; 0                   ; 0                  ; 0                 ; 0            ; 0           ; 1              ;
; state.execute_jump     ; 0                      ; 0                     ; 0                 ; 0                 ; 0                 ; 0                 ; 0                 ; 0                ; 0                  ; 0                 ; 0                 ; 0                 ; 0                ; 0                 ; 0                ; 1                  ; 0                    ; 0                   ; 0                  ; 0                 ; 0            ; 0           ; 1              ;
; state.execute_JZ       ; 0                      ; 0                     ; 0                 ; 0                 ; 0                 ; 0                 ; 0                 ; 0                ; 0                  ; 0                 ; 0                 ; 0                 ; 0                ; 0                 ; 1                ; 0                  ; 0                    ; 0                   ; 0                  ; 0                 ; 0            ; 0           ; 1              ;
; state.execute_JNZ      ; 0                      ; 0                     ; 0                 ; 0                 ; 0                 ; 0                 ; 0                 ; 0                ; 0                  ; 0                 ; 0                 ; 0                 ; 0                ; 1                 ; 0                ; 0                  ; 0                    ; 0                   ; 0                  ; 0                 ; 0            ; 0           ; 1              ;
; state.execute_OR       ; 0                      ; 0                     ; 0                 ; 0                 ; 0                 ; 0                 ; 0                 ; 0                ; 0                  ; 0                 ; 0                 ; 0                 ; 1                ; 0                 ; 0                ; 0                  ; 0                    ; 0                   ; 0                  ; 0                 ; 0            ; 0           ; 1              ;
; state.execute_AND      ; 0                      ; 0                     ; 0                 ; 0                 ; 0                 ; 0                 ; 0                 ; 0                ; 0                  ; 0                 ; 0                 ; 1                 ; 0                ; 0                 ; 0                ; 0                  ; 0                    ; 0                   ; 0                  ; 0                 ; 0            ; 0           ; 1              ;
; state.execute_XOR      ; 0                      ; 0                     ; 0                 ; 0                 ; 0                 ; 0                 ; 0                 ; 0                ; 0                  ; 0                 ; 1                 ; 0                 ; 0                ; 0                 ; 0                ; 0                  ; 0                    ; 0                   ; 0                  ; 0                 ; 0            ; 0           ; 1              ;
; state.execute_LDI      ; 0                      ; 0                     ; 0                 ; 0                 ; 0                 ; 0                 ; 0                 ; 0                ; 0                  ; 1                 ; 0                 ; 0                 ; 0                ; 0                 ; 0                ; 0                  ; 0                    ; 0                   ; 0                  ; 0                 ; 0            ; 0           ; 1              ;
; state.execute_ADDI     ; 0                      ; 0                     ; 0                 ; 0                 ; 0                 ; 0                 ; 0                 ; 0                ; 1                  ; 0                 ; 0                 ; 0                 ; 0                ; 0                 ; 0                ; 0                  ; 0                    ; 0                   ; 0                  ; 0                 ; 0            ; 0           ; 1              ;
; state.execute_IN       ; 0                      ; 0                     ; 0                 ; 0                 ; 0                 ; 0                 ; 0                 ; 1                ; 0                  ; 0                 ; 0                 ; 0                 ; 0                ; 0                 ; 0                ; 0                  ; 0                    ; 0                   ; 0                  ; 0                 ; 0            ; 0           ; 1              ;
; state.execute_OUT      ; 0                      ; 0                     ; 0                 ; 0                 ; 0                 ; 0                 ; 1                 ; 0                ; 0                  ; 0                 ; 0                 ; 0                 ; 0                ; 0                 ; 0                ; 0                  ; 0                    ; 0                   ; 0                  ; 0                 ; 0            ; 0           ; 1              ;
; state.execute_LSL      ; 0                      ; 0                     ; 0                 ; 0                 ; 0                 ; 1                 ; 0                 ; 0                ; 0                  ; 0                 ; 0                 ; 0                 ; 0                ; 0                 ; 0                ; 0                  ; 0                    ; 0                   ; 0                  ; 0                 ; 0            ; 0           ; 1              ;
; state.execute_LSR      ; 0                      ; 0                     ; 0                 ; 0                 ; 1                 ; 0                 ; 0                 ; 0                ; 0                  ; 0                 ; 0                 ; 0                 ; 0                ; 0                 ; 0                ; 0                  ; 0                    ; 0                   ; 0                  ; 0                 ; 0            ; 0           ; 1              ;
; state.execute_ROL      ; 0                      ; 0                     ; 0                 ; 1                 ; 0                 ; 0                 ; 0                 ; 0                ; 0                  ; 0                 ; 0                 ; 0                 ; 0                ; 0                 ; 0                ; 0                  ; 0                    ; 0                   ; 0                  ; 0                 ; 0            ; 0           ; 1              ;
; state.execute_ROR      ; 0                      ; 0                     ; 1                 ; 0                 ; 0                 ; 0                 ; 0                 ; 0                ; 0                  ; 0                 ; 0                 ; 0                 ; 0                ; 0                 ; 0                ; 0                  ; 0                    ; 0                   ; 0                  ; 0                 ; 0            ; 0           ; 1              ;
; state.execute_Test_in  ; 0                      ; 1                     ; 0                 ; 0                 ; 0                 ; 0                 ; 0                 ; 0                ; 0                  ; 0                 ; 0                 ; 0                 ; 0                ; 0                 ; 0                ; 0                  ; 0                    ; 0                   ; 0                  ; 0                 ; 0            ; 0           ; 1              ;
; state.execute_Test_res ; 1                      ; 0                     ; 0                 ; 0                 ; 0                 ; 0                 ; 0                 ; 0                ; 0                  ; 0                 ; 0                 ; 0                 ; 0                ; 0                 ; 0                ; 0                  ; 0                    ; 0                   ; 0                  ; 0                 ; 0            ; 0           ; 1              ;
+------------------------+------------------------+-----------------------+-------------------+-------------------+-------------------+-------------------+-------------------+------------------+--------------------+-------------------+-------------------+-------------------+------------------+-------------------+------------------+--------------------+----------------------+---------------------+--------------------+-------------------+--------------+-------------+----------------+


+---------------------------------------------------------------------------------------+
; Registers Removed During Synthesis                                                    ;
+---------------------------------------+-----------------------------------------------+
; Register name                         ; Reason for Removal                            ;
+---------------------------------------+-----------------------------------------------+
; CompteurM_Nbits:inst27|Cpt_int[0]     ; Merged with CompteurM_Nbits:inst26|Cpt_int[0] ;
; CompteurM_Nbits:inst27|Cpt_int[1]     ; Merged with CompteurM_Nbits:inst26|Cpt_int[1] ;
; Total Number of Removed Registers = 2 ;                                               ;
+---------------------------------------+-----------------------------------------------+


+------------------------------------------------------+
; General Register Statistics                          ;
+----------------------------------------------+-------+
; Statistic                                    ; Value ;
+----------------------------------------------+-------+
; Total registers                              ; 138   ;
; Number of registers using Synchronous Clear  ; 0     ;
; Number of registers using Synchronous Load   ; 0     ;
; Number of registers using Asynchronous Clear ; 23    ;
; Number of registers using Asynchronous Load  ; 0     ;
; Number of registers using Clock Enable       ; 56    ;
; Number of registers using Preset             ; 0     ;
+----------------------------------------------+-------+


+------------------------------------------------------------------------------------------------------------------------------------------------------------+
; Multiplexer Restructuring Statistics (Restructuring Performed)                                                                                             ;
+--------------------+-----------+---------------+----------------------+------------------------+------------+----------------------------------------------+
; Multiplexer Inputs ; Bus Width ; Baseline Area ; Area if Restructured ; Saving if Restructured ; Registered ; Example Multiplexer Output                   ;
+--------------------+-----------+---------------+----------------------+------------------------+------------+----------------------------------------------+
; 263:1              ; 8 bits    ; 1400 LEs      ; 16 LEs               ; 1384 LEs               ; Yes        ; |Processeur|SCOMP2:inst31|program_counter[4] ;
; 36:1               ; 4 bits    ; 96 LEs        ; 44 LEs               ; 52 LEs                 ; Yes        ; |Processeur|SCOMP2:inst31|register_AC[8]     ;
; 37:1               ; 4 bits    ; 96 LEs        ; 48 LEs               ; 48 LEs                 ; Yes        ; |Processeur|SCOMP2:inst31|register_AC[5]     ;
; 37:1               ; 3 bits    ; 72 LEs        ; 39 LEs               ; 33 LEs                 ; Yes        ; |Processeur|SCOMP2:inst31|register_AC[13]    ;
; 38:1               ; 2 bits    ; 50 LEs        ; 28 LEs               ; 22 LEs                 ; Yes        ; |Processeur|SCOMP2:inst31|register_AC[2]     ;
+--------------------+-----------+---------------+----------------------+------------------------+------------+----------------------------------------------+


+---------------------------------------------------------------------------------------+
; Source assignments for SCOMP2:inst31|altsyncram:memory|altsyncram_n6q3:auto_generated ;
+---------------------------------+--------------------+------+-------------------------+
; Assignment                      ; Value              ; From ; To                      ;
+---------------------------------+--------------------+------+-------------------------+
; OPTIMIZE_POWER_DURING_SYNTHESIS ; NORMAL_COMPILATION ; -    ; -                       ;
+---------------------------------+--------------------+------+-------------------------+


+------------------------------------------------------------------------------+
; Parameter Settings for User Entity Instance: SCOMP2:inst31|altsyncram:memory ;
+------------------------------------+----------------------+------------------+
; Parameter Name                     ; Value                ; Type             ;
+------------------------------------+----------------------+------------------+
; BYTE_SIZE_BLOCK                    ; 8                    ; Untyped          ;
; AUTO_CARRY_CHAINS                  ; ON                   ; AUTO_CARRY       ;
; IGNORE_CARRY_BUFFERS               ; OFF                  ; IGNORE_CARRY     ;
; AUTO_CASCADE_CHAINS                ; ON                   ; AUTO_CASCADE     ;
; IGNORE_CASCADE_BUFFERS             ; OFF                  ; IGNORE_CASCADE   ;
; WIDTH_BYTEENA                      ; 1                    ; Untyped          ;
; OPERATION_MODE                     ; SINGLE_PORT          ; Untyped          ;
; WIDTH_A                            ; 16                   ; Signed Integer   ;
; WIDTHAD_A                          ; 8                    ; Signed Integer   ;
; NUMWORDS_A                         ; 0                    ; Signed Integer   ;
; OUTDATA_REG_A                      ; UNREGISTERED         ; Untyped          ;
; ADDRESS_ACLR_A                     ; NONE                 ; Untyped          ;
; OUTDATA_ACLR_A                     ; NONE                 ; Untyped          ;
; WRCONTROL_ACLR_A                   ; NONE                 ; Untyped          ;
; INDATA_ACLR_A                      ; NONE                 ; Untyped          ;
; BYTEENA_ACLR_A                     ; NONE                 ; Untyped          ;
; WIDTH_B                            ; 1                    ; Signed Integer   ;
; WIDTHAD_B                          ; 1                    ; Signed Integer   ;
; NUMWORDS_B                         ; 0                    ; Signed Integer   ;
; INDATA_REG_B                       ; CLOCK1               ; Untyped          ;
; WRCONTROL_WRADDRESS_REG_B          ; CLOCK1               ; Untyped          ;
; RDCONTROL_REG_B                    ; CLOCK1               ; Untyped          ;
; ADDRESS_REG_B                      ; CLOCK1               ; Untyped          ;
; OUTDATA_REG_B                      ; UNREGISTERED         ; Untyped          ;
; BYTEENA_REG_B                      ; CLOCK1               ; Untyped          ;
; INDATA_ACLR_B                      ; NONE                 ; Untyped          ;
; WRCONTROL_ACLR_B                   ; NONE                 ; Untyped          ;
; ADDRESS_ACLR_B                     ; NONE                 ; Untyped          ;
; OUTDATA_ACLR_B                     ; NONE                 ; Untyped          ;
; RDCONTROL_ACLR_B                   ; NONE                 ; Untyped          ;
; BYTEENA_ACLR_B                     ; NONE                 ; Untyped          ;
; WIDTH_BYTEENA_A                    ; 1                    ; Signed Integer   ;
; WIDTH_BYTEENA_B                    ; 1                    ; Signed Integer   ;
; RAM_BLOCK_TYPE                     ; AUTO                 ; Untyped          ;
; BYTE_SIZE                          ; 8                    ; Signed Integer   ;
; READ_DURING_WRITE_MODE_MIXED_PORTS ; DONT_CARE            ; Untyped          ;
; READ_DURING_WRITE_MODE_PORT_A      ; NEW_DATA_NO_NBE_READ ; Untyped          ;
; READ_DURING_WRITE_MODE_PORT_B      ; NEW_DATA_NO_NBE_READ ; Untyped          ;
; INIT_FILE                          ; PROGRAMFINAL.mif     ; Untyped          ;
; INIT_FILE_LAYOUT                   ; PORT_A               ; Untyped          ;
; MAXIMUM_DEPTH                      ; 0                    ; Signed Integer   ;
; CLOCK_ENABLE_INPUT_A               ; NORMAL               ; Untyped          ;
; CLOCK_ENABLE_INPUT_B               ; NORMAL               ; Untyped          ;
; CLOCK_ENABLE_OUTPUT_A              ; NORMAL               ; Untyped          ;
; CLOCK_ENABLE_OUTPUT_B              ; NORMAL               ; Untyped          ;
; CLOCK_ENABLE_CORE_A                ; USE_INPUT_CLKEN      ; Untyped          ;
; CLOCK_ENABLE_CORE_B                ; USE_INPUT_CLKEN      ; Untyped          ;
; ENABLE_ECC                         ; FALSE                ; Untyped          ;
; ECC_PIPELINE_STAGE_ENABLED         ; FALSE                ; Untyped          ;
; WIDTH_ECCSTATUS                    ; 3                    ; Signed Integer   ;
; DEVICE_FAMILY                      ; Cyclone II           ; Untyped          ;
; CBXI_PARAMETER                     ; altsyncram_n6q3      ; Untyped          ;
+------------------------------------+----------------------+------------------+
Note: In order to hide this table in the UI and the text report file, please set the "Show Parameter Settings in Synthesis Report" option in "Analysis and Synthesis Settings -> More Settings" to "Off".


+---------------------------------------------------------------------+
; Parameter Settings for User Entity Instance: CompteurM_Nbits:inst27 ;
+----------------+----------+-----------------------------------------+
; Parameter Name ; Value    ; Type                                    ;
+----------------+----------+-----------------------------------------+
; m              ; 50000000 ; Signed Integer                          ;
; n              ; 29       ; Signed Integer                          ;
+----------------+----------+-----------------------------------------+
Note: In order to hide this table in the UI and the text report file, please set the "Show Parameter Settings in Synthesis Report" option in "Analysis and Synthesis Settings -> More Settings" to "Off".


+---------------------------------------------------------------------+
; Parameter Settings for User Entity Instance: CompteurM_Nbits:inst26 ;
+----------------+----------+-----------------------------------------+
; Parameter Name ; Value    ; Type                                    ;
+----------------+----------+-----------------------------------------+
; m              ; 20000000 ; Signed Integer                          ;
; n              ; 29       ; Signed Integer                          ;
+----------------+----------+-----------------------------------------+
Note: In order to hide this table in the UI and the text report file, please set the "Show Parameter Settings in Synthesis Report" option in "Analysis and Synthesis Settings -> More Settings" to "Off".


+-----------------------------------------------------------------------------+
; altsyncram Parameter Settings by Entity Instance                            ;
+-------------------------------------------+---------------------------------+
; Name                                      ; Value                           ;
+-------------------------------------------+---------------------------------+
; Number of entity instances                ; 1                               ;
; Entity Instance                           ; SCOMP2:inst31|altsyncram:memory ;
;     -- OPERATION_MODE                     ; SINGLE_PORT                     ;
;     -- WIDTH_A                            ; 16                              ;
;     -- NUMWORDS_A                         ; 0                               ;
;     -- OUTDATA_REG_A                      ; UNREGISTERED                    ;
;     -- WIDTH_B                            ; 1                               ;
;     -- NUMWORDS_B                         ; 0                               ;
;     -- ADDRESS_REG_B                      ; CLOCK1                          ;
;     -- OUTDATA_REG_B                      ; UNREGISTERED                    ;
;     -- RAM_BLOCK_TYPE                     ; AUTO                            ;
;     -- READ_DURING_WRITE_MODE_MIXED_PORTS ; DONT_CARE                       ;
+-------------------------------------------+---------------------------------+


+-------------------------------+
; Elapsed Time Per Partition    ;
+----------------+--------------+
; Partition Name ; Elapsed Time ;
+----------------+--------------+
; Top            ; 00:00:04     ;
+----------------+--------------+


+-------------------------------+
; Analysis & Synthesis Messages ;
+-------------------------------+
Info: *******************************************************************
Info: Running Quartus II 64-Bit Analysis & Synthesis
    Info: Version 13.0.1 Build 232 06/12/2013 Service Pack 1 SJ Full Version
    Info: Processing started: Thu Feb 04 15:00:52 2016
Info: Command: quartus_map --read_settings_files=on --write_settings_files=off Processeur -c Processeur
Info (20030): Parallel compilation is enabled and will use 2 of the 2 processors detected
Info (12021): Found 2 design units, including 1 entities, in source file dec_7seg.vhd
    Info (12022): Found design unit 1: DEC_7Seg-arch
    Info (12023): Found entity 1: DEC_7Seg
Info (12021): Found 2 design units, including 1 entities, in source file compteurm_nbits.vhd
    Info (12022): Found design unit 1: CompteurM_Nbits-Arch
    Info (12023): Found entity 1: CompteurM_Nbits
Info (12021): Found 2 design units, including 1 entities, in source file scomp2.vhd
    Info (12022): Found design unit 1: SCOMP2-a
    Info (12023): Found entity 1: SCOMP2
Info (12021): Found 1 design units, including 1 entities, in source file processeur.bdf
    Info (12023): Found entity 1: Processeur
Info (12021): Found 2 design units, including 1 entities, in source file dec_7seg8bits.vhd
    Info (12022): Found design unit 1: DEC_7Seg8bits-arch
    Info (12023): Found entity 1: DEC_7Seg8bits
Info (12127): Elaborating entity "Processeur" for the top level hierarchy
Info (12128): Elaborating entity "DEC_7Seg" for hierarchy "DEC_7Seg:inst15"
Warning (10492): VHDL Process Statement warning at DEC_7Seg.vhd(36): signal "Vseg" is read inside the Process Statement but isn't in the Process Statement's sensitivity list
Info (12128): Elaborating entity "SCOMP2" for hierarchy "SCOMP2:inst31"
Info (12128): Elaborating entity "altsyncram" for hierarchy "SCOMP2:inst31|altsyncram:memory"
Info (12130): Elaborated megafunction instantiation "SCOMP2:inst31|altsyncram:memory"
Info (12133): Instantiated megafunction "SCOMP2:inst31|altsyncram:memory" with the following parameter:
    Info (12134): Parameter "address_aclr_a" = "UNUSED"
    Info (12134): Parameter "address_aclr_b" = "NONE"
    Info (12134): Parameter "address_reg_b" = "CLOCK1"
    Info (12134): Parameter "byte_size" = "8"
    Info (12134): Parameter "byteena_aclr_a" = "UNUSED"
    Info (12134): Parameter "byteena_aclr_b" = "NONE"
    Info (12134): Parameter "byteena_reg_b" = "CLOCK1"
    Info (12134): Parameter "clock_enable_core_a" = "USE_INPUT_CLKEN"
    Info (12134): Parameter "clock_enable_core_b" = "USE_INPUT_CLKEN"
    Info (12134): Parameter "clock_enable_input_a" = "NORMAL"
    Info (12134): Parameter "clock_enable_input_b" = "NORMAL"
    Info (12134): Parameter "clock_enable_output_a" = "NORMAL"
    Info (12134): Parameter "clock_enable_output_b" = "NORMAL"
    Info (12134): Parameter "intended_device_family" = "Cyclone"
    Info (12134): Parameter "ecc_pipeline_stage_enabled" = "FALSE"
    Info (12134): Parameter "enable_ecc" = "FALSE"
    Info (12134): Parameter "implement_in_les" = "OFF"
    Info (12134): Parameter "indata_aclr_a" = "UNUSED"
    Info (12134): Parameter "indata_aclr_b" = "NONE"
    Info (12134): Parameter "indata_reg_b" = "CLOCK1"
    Info (12134): Parameter "init_file" = "PROGRAMFINAL.mif"
    Info (12134): Parameter "init_file_layout" = "PORT_A"
    Info (12134): Parameter "maximum_depth" = "0"
    Info (12134): Parameter "numwords_a" = "0"
    Info (12134): Parameter "numwords_b" = "0"
    Info (12134): Parameter "operation_mode" = "SINGLE_PORT"
    Info (12134): Parameter "outdata_aclr_a" = "NONE"
    Info (12134): Parameter "outdata_aclr_b" = "NONE"
    Info (12134): Parameter "outdata_reg_a" = "UNREGISTERED"
    Info (12134): Parameter "outdata_reg_b" = "UNREGISTERED"
    Info (12134): Parameter "power_up_uninitialized" = "FALSE"
    Info (12134): Parameter "ram_block_type" = "AUTO"
    Info (12134): Parameter "rdcontrol_aclr_b" = "NONE"
    Info (12134): Parameter "rdcontrol_reg_b" = "CLOCK1"
    Info (12134): Parameter "read_during_write_mode_mixed_ports" = "DONT_CARE"
    Info (12134): Parameter "read_during_write_mode_port_a" = "NEW_DATA_NO_NBE_READ"
    Info (12134): Parameter "read_during_write_mode_port_b" = "NEW_DATA_NO_NBE_READ"
    Info (12134): Parameter "stratixiv_m144k_allow_dual_clocks" = "ON"
    Info (12134): Parameter "width_a" = "16"
    Info (12134): Parameter "width_b" = "1"
    Info (12134): Parameter "width_byteena_a" = "1"
    Info (12134): Parameter "width_byteena_b" = "1"
    Info (12134): Parameter "width_eccstatus" = "3"
    Info (12134): Parameter "widthad_a" = "8"
    Info (12134): Parameter "widthad_b" = "1"
    Info (12134): Parameter "wrcontrol_aclr_a" = "UNUSED"
    Info (12134): Parameter "wrcontrol_aclr_b" = "NONE"
    Info (12134): Parameter "wrcontrol_wraddress_reg_b" = "CLOCK1"
    Info (12134): Parameter "lpm_hint" = "UNUSED"
    Info (12134): Parameter "lpm_type" = "altsyncram"
Info (12021): Found 1 design units, including 1 entities, in source file db/altsyncram_n6q3.tdf
    Info (12023): Found entity 1: altsyncram_n6q3
Info (12128): Elaborating entity "altsyncram_n6q3" for hierarchy "SCOMP2:inst31|altsyncram:memory|altsyncram_n6q3:auto_generated"
Info (12128): Elaborating entity "CompteurM_Nbits" for hierarchy "CompteurM_Nbits:inst27"
Info (12128): Elaborating entity "CompteurM_Nbits" for hierarchy "CompteurM_Nbits:inst26"
Warning (19016): Clock multiplexers are found and protected
    Warning (19017): Found clock multiplexer inst18~synth
    Warning (19017): Found clock multiplexer inst19~synth
Info (16010): Generating hard_block partition "hard_block:auto_generated_inst"
    Info (16011): Adding 0 node(s), including 0 DDIO, 0 PLL, 0 transceiver and 0 LCELL
Info (21057): Implemented 703 device resources after synthesis - the final resource count might be different
    Info (21058): Implemented 21 input pins
    Info (21059): Implemented 72 output pins
    Info (21061): Implemented 594 logic cells
    Info (21064): Implemented 16 RAM segments
Info: Quartus II 64-Bit Analysis & Synthesis was successful. 0 errors, 4 warnings
    Info: Peak virtual memory: 518 megabytes
    Info: Processing ended: Thu Feb 04 15:01:06 2016
    Info: Elapsed time: 00:00:14
    Info: Total CPU time (on all processors): 00:00:05


