Flow report for tuto
Fri Nov 27 15:19:04 2015
Quartus II 64-Bit Version 13.0.1 Build 232 06/12/2013 Service Pack 1 SJ Full Version


---------------------
; Table of Contents ;
---------------------
  1. Legal Notice
  2. Flow Summary
  3. Flow Settings
  4. Flow Non-Default Global Settings
  5. Flow Elapsed Time
  6. Flow OS Summary
  7. Flow Log
  8. Flow Messages
  9. Flow Suppressed Messages



----------------
; Legal Notice ;
----------------
Copyright (C) 1991-2013 Altera Corporation
Your use of Altera Corporation's design tools, logic functions 
and other software and tools, and its AMPP partner logic 
functions, and any output files from any of the foregoing 
(including device programming or simulation files), and any 
associated documentation or information are expressly subject 
to the terms and conditions of the Altera Program License 
Subscription Agreement, Altera MegaCore Function License 
Agreement, or other applicable license agreement, including, 
without limitation, that your use is for the sole purpose of 
programming logic devices manufactured by Altera and sold by 
Altera or its authorized distributors.  Please refer to the 
applicable agreement for further details.



+---------------------------------------------------------------------------------------+
; Flow Summary                                                                          ;
+------------------------------------+--------------------------------------------------+
; Flow Status                        ; Successful - Fri Nov 27 15:19:04 2015            ;
; Quartus II 64-Bit Version          ; 13.0.1 Build 232 06/12/2013 SP 1 SJ Full Version ;
; Revision Name                      ; tuto                                             ;
; Top-level Entity Name              ; tuto                                             ;
; Family                             ; Cyclone II                                       ;
; Device                             ; EP2C35F672C6                                     ;
; Timing Models                      ; Final                                            ;
; Total logic elements               ; 1 / 33,216 ( < 1 % )                             ;
;     Total combinational functions  ; 1 / 33,216 ( < 1 % )                             ;
;     Dedicated logic registers      ; 0 / 33,216 ( 0 % )                               ;
; Total registers                    ; 0                                                ;
; Total pins                         ; 3 / 475 ( < 1 % )                                ;
; Total virtual pins                 ; 0                                                ;
; Total memory bits                  ; 0 / 483,840 ( 0 % )                              ;
; Embedded Multiplier 9-bit elements ; 0 / 70 ( 0 % )                                   ;
; Total PLLs                         ; 0 / 4 ( 0 % )                                    ;
+------------------------------------+--------------------------------------------------+


+-----------------------------------------+
; Flow Settings                           ;
+-------------------+---------------------+
; Option            ; Setting             ;
+-------------------+---------------------+
; Start date & time ; 11/27/2015 14:56:04 ;
; Main task         ; Compilation         ;
; Revision Name     ; tuto                ;
+-------------------+---------------------+


+-------------------------------------------------------------------------------------------------------------------+
; Flow Non-Default Global Settings                                                                                  ;
+-------------------------------------+------------------------------+---------------+-------------+----------------+
; Assignment Name                     ; Value                        ; Default Value ; Entity Name ; Section Id     ;
+-------------------------------------+------------------------------+---------------+-------------+----------------+
; COMPILER_SIGNATURE_ID               ; 158514184915.144863256304492 ; --            ; --          ; --             ;
; EDA_OUTPUT_DATA_FORMAT              ; Vhdl                         ; --            ; --          ; eda_simulation ;
; EDA_SIMULATION_TOOL                 ; ModelSim-Altera (VHDL)       ; <None>        ; --          ; --             ;
; MAX_CORE_JUNCTION_TEMP              ; 85                           ; --            ; --          ; --             ;
; MIN_CORE_JUNCTION_TEMP              ; 0                            ; --            ; --          ; --             ;
; PARTITION_COLOR                     ; 16764057                     ; --            ; --          ; Top            ;
; PARTITION_FITTER_PRESERVATION_LEVEL ; PLACEMENT_AND_ROUTING        ; --            ; --          ; Top            ;
; PARTITION_NETLIST_TYPE              ; SOURCE                       ; --            ; --          ; Top            ;
; PROJECT_OUTPUT_DIRECTORY            ; output_files                 ; --            ; --          ; --             ;
+-------------------------------------+------------------------------+---------------+-------------+----------------+


+-------------------------------------------------------------------------------------------------------------------------------+
; Flow Elapsed Time                                                                                                             ;
+---------------------------+--------------+-------------------------+---------------------+------------------------------------+
; Module Name               ; Elapsed Time ; Average Processors Used ; Peak Virtual Memory ; Total CPU Time (on all processors) ;
+---------------------------+--------------+-------------------------+---------------------+------------------------------------+
; Analysis & Synthesis      ; 00:00:03     ; 1.0                     ; 438 MB              ; 00:00:01                           ;
; Fitter                    ; 00:00:08     ; 1.2                     ; 832 MB              ; 00:00:07                           ;
; Assembler                 ; 00:00:04     ; 1.0                     ; 429 MB              ; 00:00:03                           ;
; TimeQuest Timing Analyzer ; 00:00:03     ; 1.0                     ; 417 MB              ; 00:00:01                           ;
; EDA Netlist Writer        ; 00:00:01     ; 1.0                     ; 385 MB              ; 00:00:01                           ;
; EDA Netlist Writer        ; 00:00:02     ; 1.0                     ; 392 MB              ; 00:00:01                           ;
; EDA Netlist Writer        ; 00:00:02     ; 1.0                     ; 392 MB              ; 00:00:01                           ;
; EDA Netlist Writer        ; 00:00:01     ; 1.0                     ; 392 MB              ; 00:00:01                           ;
; EDA Netlist Writer        ; 00:00:01     ; 1.0                     ; 392 MB              ; 00:00:01                           ;
; EDA Netlist Writer        ; 00:00:01     ; 1.0                     ; 392 MB              ; 00:00:01                           ;
; EDA Netlist Writer        ; 00:00:01     ; 1.0                     ; 392 MB              ; 00:00:01                           ;
; EDA Netlist Writer        ; 00:00:02     ; 1.0                     ; 392 MB              ; 00:00:01                           ;
; EDA Netlist Writer        ; 00:00:02     ; 1.0                     ; 392 MB              ; 00:00:01                           ;
; EDA Netlist Writer        ; 00:00:02     ; 1.0                     ; 392 MB              ; 00:00:01                           ;
; EDA Netlist Writer        ; 00:00:01     ; 1.0                     ; 392 MB              ; 00:00:01                           ;
; Total                     ; 00:00:34     ; --                      ; --                  ; 00:00:23                           ;
+---------------------------+--------------+-------------------------+---------------------+------------------------------------+


+----------------------------------------------------------------------------------------+
; Flow OS Summary                                                                        ;
+---------------------------+------------------+-----------+------------+----------------+
; Module Name               ; Machine Hostname ; OS Name   ; OS Version ; Processor type ;
+---------------------------+------------------+-----------+------------+----------------+
; Analysis & Synthesis      ; ENSEM-114RPC03   ; Windows 7 ; 6.1        ; x86_64         ;
; Fitter                    ; ENSEM-114RPC03   ; Windows 7 ; 6.1        ; x86_64         ;
; Assembler                 ; ENSEM-114RPC03   ; Windows 7 ; 6.1        ; x86_64         ;
; TimeQuest Timing Analyzer ; ENSEM-114RPC03   ; Windows 7 ; 6.1        ; x86_64         ;
; EDA Netlist Writer        ; ENSEM-114RPC03   ; Windows 7 ; 6.1        ; x86_64         ;
; EDA Netlist Writer        ; ENSEM-114RPC03   ; Windows 7 ; 6.1        ; x86_64         ;
; EDA Netlist Writer        ; ENSEM-114RPC03   ; Windows 7 ; 6.1        ; x86_64         ;
; EDA Netlist Writer        ; ENSEM-114RPC03   ; Windows 7 ; 6.1        ; x86_64         ;
; EDA Netlist Writer        ; ENSEM-114RPC03   ; Windows 7 ; 6.1        ; x86_64         ;
; EDA Netlist Writer        ; ENSEM-114RPC03   ; Windows 7 ; 6.1        ; x86_64         ;
; EDA Netlist Writer        ; ENSEM-114RPC03   ; Windows 7 ; 6.1        ; x86_64         ;
; EDA Netlist Writer        ; ENSEM-114RPC03   ; Windows 7 ; 6.1        ; x86_64         ;
; EDA Netlist Writer        ; ENSEM-114RPC03   ; Windows 7 ; 6.1        ; x86_64         ;
; EDA Netlist Writer        ; ENSEM-114RPC03   ; Windows 7 ; 6.1        ; x86_64         ;
; EDA Netlist Writer        ; ENSEM-114RPC03   ; Windows 7 ; 6.1        ; x86_64         ;
+---------------------------+------------------+-----------+------------+----------------+


------------
; Flow Log ;
------------
quartus_map --read_settings_files=on --write_settings_files=off tuto -c tuto
quartus_fit --read_settings_files=off --write_settings_files=off tuto -c tuto
quartus_asm --read_settings_files=off --write_settings_files=off tuto -c tuto
quartus_sta tuto -c tuto
quartus_eda --read_settings_files=off --write_settings_files=off tuto -c tuto
quartus_eda --gen_testbench --check_outputs=on --tool=modelsim_oem --format=verilog tuto -c tuto --vector_source=U:/ElecNum/TP1/tutoriel/tutoSIMU.vwf --testbench_file=./simulation/qsim/tuto.vt
quartus_eda --functional=on --simulation=on --tool=modelsim_oem --format=verilog tuto -c tuto
quartus_eda --gen_testbench --check_outputs=on --tool=modelsim_oem --format=verilog tuto -c tuto --vector_source=U:/ElecNum/TP1/tutoriel/tutoSIMU.vwf --testbench_file=./simulation/qsim/tuto.vt
quartus_eda --functional=on --simulation=on --tool=modelsim_oem --format=verilog tuto -c tuto
quartus_eda --gen_testbench --check_outputs=on --tool=modelsim_oem --format=verilog tuto -c tuto --vector_source=U:/ElecNum/TP1/tutoriel/tutoSIMU.vwf --testbench_file=./simulation/qsim/tuto.vt
quartus_eda --functional=on --simulation=on --tool=modelsim_oem --format=verilog tuto -c tuto
quartus_eda --gen_testbench --check_outputs=on --tool=modelsim_oem --format=verilog tuto -c tuto --vector_source=U:/ElecNum/TP1/tutoriel/tutoSIMU.vwf --testbench_file=./simulation/qsim/tuto.vt
quartus_eda --functional=off --timescale=1ps --simulation=on --tool=modelsim_oem --format=verilog tuto -c tuto
quartus_eda --gen_testbench --check_outputs=on --tool=modelsim_oem --format=verilog tuto -c tuto --vector_source=U:/ElecNum/TP1/tutoriel/tutoSIMU.vwf --testbench_file=./simulation/qsim/tuto.vt
quartus_eda --functional=on --simulation=on --tool=modelsim_oem --format=verilog tuto -c tuto



